0 info it worked if it ends with ok
1 verbose cli [ 'node', '/usr/local/bin/npm', 'uninstall', 'npm', '-g' ]
2 info using npm@2.5.1
3 info using node@v0.10.35
4 verbose unbuild lib/node_modules/npm
5 info preuninstall npm@2.5.1
6 info uninstall npm@2.5.1
7 verbose unbuild rmStuff npm@2.5.1 from /usr/local/lib/node_modules
8 verbose gentlyRm verifying that /usr/local is managed by npm
9 verbose rmMans man files are [ '/private/tmp/node-aRkfyS/node-v0.12.0/npm_install/man/man1/npm-README.1',
9 verbose rmMans   '/private/tmp/node-aRkfyS/node-v0.12.0/npm_install/man/man1/npm-access.1',
9 verbose rmMans   '/private/tmp/node-aRkfyS/node-v0.12.0/npm_install/man/man1/npm-adduser.1',
9 verbose rmMans   '/private/tmp/node-aRkfyS/node-v0.12.0/npm_install/man/man1/npm-bin.1',
9 verbose rmMans   '/private/tmp/node-aRkfyS/node-v0.12.0/npm_install/man/man1/npm-bugs.1',
9 verbose rmMans   '/private/tmp/node-aRkfyS/node-v0.12.0/npm_install/man/man1/npm-build.1',
9 verbose rmMans   '/private/tmp/node-aRkfyS/node-v0.12.0/npm_install/man/man1/npm-bundle.1',
9 verbose rmMans   '/private/tmp/node-aRkfyS/node-v0.12.0/npm_install/man/man1/npm-cache.1',
9 verbose rmMans   '/private/tmp/node-aRkfyS/node-v0.12.0/npm_install/man/man1/npm-completion.1',
9 verbose rmMans   '/private/tmp/node-aRkfyS/node-v0.12.0/npm_install/man/man1/npm-config.1',
9 verbose rmMans   '/private/tmp/node-aRkfyS/node-v0.12.0/npm_install/man/man1/npm-dedupe.1',
9 verbose rmMans   '/private/tmp/node-aRkfyS/node-v0.12.0/npm_install/man/man1/npm-deprecate.1',
9 verbose rmMans   '/private/tmp/node-aRkfyS/node-v0.12.0/npm_install/man/man1/npm-dist-tag.1',
9 verbose rmMans   '/private/tmp/node-aRkfyS/node-v0.12.0/npm_install/man/man1/npm-docs.1',
9 verbose rmMans   '/private/tmp/node-aRkfyS/node-v0.12.0/npm_install/man/man1/npm-edit.1',
9 verbose rmMans   '/private/tmp/node-aRkfyS/node-v0.12.0/npm_install/man/man1/npm-explore.1',
9 verbose rmMans   '/private/tmp/node-aRkfyS/node-v0.12.0/npm_install/man/man1/npm-help-search.1',
9 verbose rmMans   '/private/tmp/node-aRkfyS/node-v0.12.0/npm_install/man/man1/npm-help.1',
9 verbose rmMans   '/private/tmp/node-aRkfyS/node-v0.12.0/npm_install/man/man1/npm-init.1',
9 verbose rmMans   '/private/tmp/node-aRkfyS/node-v0.12.0/npm_install/man/man1/npm-install.1',
9 verbose rmMans   '/private/tmp/node-aRkfyS/node-v0.12.0/npm_install/man/man1/npm-link.1',
9 verbose rmMans   '/private/tmp/node-aRkfyS/node-v0.12.0/npm_install/man/man1/npm-ls.1',
9 verbose rmMans   '/private/tmp/node-aRkfyS/node-v0.12.0/npm_install/man/man1/npm-outdated.1',
9 verbose rmMans   '/private/tmp/node-aRkfyS/node-v0.12.0/npm_install/man/man1/npm-owner.1',
9 verbose rmMans   '/private/tmp/node-aRkfyS/node-v0.12.0/npm_install/man/man1/npm-pack.1',
9 verbose rmMans   '/private/tmp/node-aRkfyS/node-v0.12.0/npm_install/man/man1/npm-prefix.1',
9 verbose rmMans   '/private/tmp/node-aRkfyS/node-v0.12.0/npm_install/man/man1/npm-prune.1',
9 verbose rmMans   '/private/tmp/node-aRkfyS/node-v0.12.0/npm_install/man/man1/npm-publish.1',
9 verbose rmMans   '/private/tmp/node-aRkfyS/node-v0.12.0/npm_install/man/man1/npm-rebuild.1',
9 verbose rmMans   '/private/tmp/node-aRkfyS/node-v0.12.0/npm_install/man/man1/npm-repo.1',
9 verbose rmMans   '/private/tmp/node-aRkfyS/node-v0.12.0/npm_install/man/man1/npm-restart.1',
9 verbose rmMans   '/private/tmp/node-aRkfyS/node-v0.12.0/npm_install/man/man1/npm-rm.1',
9 verbose rmMans   '/private/tmp/node-aRkfyS/node-v0.12.0/npm_install/man/man1/npm-root.1',
9 verbose rmMans   '/private/tmp/node-aRkfyS/node-v0.12.0/npm_install/man/man1/npm-run-script.1',
9 verbose rmMans   '/private/tmp/node-aRkfyS/node-v0.12.0/npm_install/man/man1/npm-search.1',
9 verbose rmMans   '/private/tmp/node-aRkfyS/node-v0.12.0/npm_install/man/man1/npm-shrinkwrap.1',
9 verbose rmMans   '/private/tmp/node-aRkfyS/node-v0.12.0/npm_install/man/man1/npm-star.1',
9 verbose rmMans   '/private/tmp/node-aRkfyS/node-v0.12.0/npm_install/man/man1/npm-stars.1',
9 verbose rmMans   '/private/tmp/node-aRkfyS/node-v0.12.0/npm_install/man/man1/npm-start.1',
9 verbose rmMans   '/private/tmp/node-aRkfyS/node-v0.12.0/npm_install/man/man1/npm-stop.1',
9 verbose rmMans   '/private/tmp/node-aRkfyS/node-v0.12.0/npm_install/man/man1/npm-submodule.1',
9 verbose rmMans   '/private/tmp/node-aRkfyS/node-v0.12.0/npm_install/man/man1/npm-tag.1',
9 verbose rmMans   '/private/tmp/node-aRkfyS/node-v0.12.0/npm_install/man/man1/npm-test.1',
9 verbose rmMans   '/private/tmp/node-aRkfyS/node-v0.12.0/npm_install/man/man1/npm-uninstall.1',
9 verbose rmMans   '/private/tmp/node-aRkfyS/node-v0.12.0/npm_install/man/man1/npm-unpublish.1',
9 verbose rmMans   '/private/tmp/node-aRkfyS/node-v0.12.0/npm_install/man/man1/npm-update.1',
9 verbose rmMans   '/private/tmp/node-aRkfyS/node-v0.12.0/npm_install/man/man1/npm-version.1',
9 verbose rmMans   '/private/tmp/node-aRkfyS/node-v0.12.0/npm_install/man/man1/npm-view.1',
9 verbose rmMans   '/private/tmp/node-aRkfyS/node-v0.12.0/npm_install/man/man1/npm-whoami.1',
9 verbose rmMans   '/private/tmp/node-aRkfyS/node-v0.12.0/npm_install/man/man1/npm.1',
9 verbose rmMans   '/private/tmp/node-aRkfyS/node-v0.12.0/npm_install/man/man3/npm-bin.3',
9 verbose rmMans   '/private/tmp/node-aRkfyS/node-v0.12.0/npm_install/man/man3/npm-bugs.3',
9 verbose rmMans   '/private/tmp/node-aRkfyS/node-v0.12.0/npm_install/man/man3/npm-cache.3',
9 verbose rmMans   '/private/tmp/node-aRkfyS/node-v0.12.0/npm_install/man/man3/npm-commands.3',
9 verbose rmMans   '/private/tmp/node-aRkfyS/node-v0.12.0/npm_install/man/man3/npm-config.3',
9 verbose rmMans   '/private/tmp/node-aRkfyS/node-v0.12.0/npm_install/man/man3/npm-deprecate.3',
9 verbose rmMans   '/private/tmp/node-aRkfyS/node-v0.12.0/npm_install/man/man3/npm-docs.3',
9 verbose rmMans   '/private/tmp/node-aRkfyS/node-v0.12.0/npm_install/man/man3/npm-edit.3',
9 verbose rmMans   '/private/tmp/node-aRkfyS/node-v0.12.0/npm_install/man/man3/npm-explore.3',
9 verbose rmMans   '/private/tmp/node-aRkfyS/node-v0.12.0/npm_install/man/man3/npm-help-search.3',
9 verbose rmMans   '/private/tmp/node-aRkfyS/node-v0.12.0/npm_install/man/man3/npm-init.3',
9 verbose rmMans   '/private/tmp/node-aRkfyS/node-v0.12.0/npm_install/man/man3/npm-install.3',
9 verbose rmMans   '/private/tmp/node-aRkfyS/node-v0.12.0/npm_install/man/man3/npm-link.3',
9 verbose rmMans   '/private/tmp/node-aRkfyS/node-v0.12.0/npm_install/man/man3/npm-load.3',
9 verbose rmMans   '/private/tmp/node-aRkfyS/node-v0.12.0/npm_install/man/man3/npm-ls.3',
9 verbose rmMans   '/private/tmp/node-aRkfyS/node-v0.12.0/npm_install/man/man3/npm-outdated.3',
9 verbose rmMans   '/private/tmp/node-aRkfyS/node-v0.12.0/npm_install/man/man3/npm-owner.3',
9 verbose rmMans   '/private/tmp/node-aRkfyS/node-v0.12.0/npm_install/man/man3/npm-pack.3',
9 verbose rmMans   '/private/tmp/node-aRkfyS/node-v0.12.0/npm_install/man/man3/npm-prefix.3',
9 verbose rmMans   '/private/tmp/node-aRkfyS/node-v0.12.0/npm_install/man/man3/npm-prune.3',
9 verbose rmMans   '/private/tmp/node-aRkfyS/node-v0.12.0/npm_install/man/man3/npm-publish.3',
9 verbose rmMans   '/private/tmp/node-aRkfyS/node-v0.12.0/npm_install/man/man3/npm-rebuild.3',
9 verbose rmMans   '/private/tmp/node-aRkfyS/node-v0.12.0/npm_install/man/man3/npm-repo.3',
9 verbose rmMans   '/private/tmp/node-aRkfyS/node-v0.12.0/npm_install/man/man3/npm-restart.3',
9 verbose rmMans   '/private/tmp/node-aRkfyS/node-v0.12.0/npm_install/man/man3/npm-root.3',
9 verbose rmMans   '/private/tmp/node-aRkfyS/node-v0.12.0/npm_install/man/man3/npm-run-script.3',
9 verbose rmMans   '/private/tmp/node-aRkfyS/node-v0.12.0/npm_install/man/man3/npm-search.3',
9 verbose rmMans   '/private/tmp/node-aRkfyS/node-v0.12.0/npm_install/man/man3/npm-shrinkwrap.3',
9 verbose rmMans   '/private/tmp/node-aRkfyS/node-v0.12.0/npm_install/man/man3/npm-start.3',
9 verbose rmMans   '/private/tmp/node-aRkfyS/node-v0.12.0/npm_install/man/man3/npm-stop.3',
9 verbose rmMans   '/private/tmp/node-aRkfyS/node-v0.12.0/npm_install/man/man3/npm-submodule.3',
9 verbose rmMans   '/private/tmp/node-aRkfyS/node-v0.12.0/npm_install/man/man3/npm-tag.3',
9 verbose rmMans   '/private/tmp/node-aRkfyS/node-v0.12.0/npm_install/man/man3/npm-test.3',
9 verbose rmMans   '/private/tmp/node-aRkfyS/node-v0.12.0/npm_install/man/man3/npm-uninstall.3',
9 verbose rmMans   '/private/tmp/node-aRkfyS/node-v0.12.0/npm_install/man/man3/npm-unpublish.3',
9 verbose rmMans   '/private/tmp/node-aRkfyS/node-v0.12.0/npm_install/man/man3/npm-update.3',
9 verbose rmMans   '/private/tmp/node-aRkfyS/node-v0.12.0/npm_install/man/man3/npm-version.3',
9 verbose rmMans   '/private/tmp/node-aRkfyS/node-v0.12.0/npm_install/man/man3/npm-view.3',
9 verbose rmMans   '/private/tmp/node-aRkfyS/node-v0.12.0/npm_install/man/man3/npm-whoami.3',
9 verbose rmMans   '/private/tmp/node-aRkfyS/node-v0.12.0/npm_install/man/man3/npm.3',
9 verbose rmMans   '/private/tmp/node-aRkfyS/node-v0.12.0/npm_install/man/man5/npm-folders.5',
9 verbose rmMans   '/private/tmp/node-aRkfyS/node-v0.12.0/npm_install/man/man5/npm-global.5',
9 verbose rmMans   '/private/tmp/node-aRkfyS/node-v0.12.0/npm_install/man/man5/npm-json.5',
9 verbose rmMans   '/private/tmp/node-aRkfyS/node-v0.12.0/npm_install/man/man5/npmrc.5',
9 verbose rmMans   '/private/tmp/node-aRkfyS/node-v0.12.0/npm_install/man/man5/package.json.5',
9 verbose rmMans   '/private/tmp/node-aRkfyS/node-v0.12.0/npm_install/man/man7/npm-coding-style.7',
9 verbose rmMans   '/private/tmp/node-aRkfyS/node-v0.12.0/npm_install/man/man7/npm-config.7',
9 verbose rmMans   '/private/tmp/node-aRkfyS/node-v0.12.0/npm_install/man/man7/npm-developers.7',
9 verbose rmMans   '/private/tmp/node-aRkfyS/node-v0.12.0/npm_install/man/man7/npm-disputes.7',
9 verbose rmMans   '/private/tmp/node-aRkfyS/node-v0.12.0/npm_install/man/man7/npm-faq.7',
9 verbose rmMans   '/private/tmp/node-aRkfyS/node-v0.12.0/npm_install/man/man7/npm-index.7',
9 verbose rmMans   '/private/tmp/node-aRkfyS/node-v0.12.0/npm_install/man/man7/npm-registry.7',
9 verbose rmMans   '/private/tmp/node-aRkfyS/node-v0.12.0/npm_install/man/man7/npm-scope.7',
9 verbose rmMans   '/private/tmp/node-aRkfyS/node-v0.12.0/npm_install/man/man7/npm-scripts.7',
9 verbose rmMans   '/private/tmp/node-aRkfyS/node-v0.12.0/npm_install/man/man7/removing-npm.7',
9 verbose rmMans   '/private/tmp/node-aRkfyS/node-v0.12.0/npm_install/man/man7/semver.7' ] in /usr/local/share/man
10 silly rmMan preparing to remove /private/tmp/node-aRkfyS/node-v0.12.0/npm_install/man/man1/npm-README.1
11 verbose gentlyRm verifying that /usr/local is managed by npm
12 silly rmMan preparing to remove /private/tmp/node-aRkfyS/node-v0.12.0/npm_install/man/man1/npm-access.1
13 verbose gentlyRm verifying that /usr/local is managed by npm
14 silly rmMan preparing to remove /private/tmp/node-aRkfyS/node-v0.12.0/npm_install/man/man1/npm-adduser.1
15 verbose gentlyRm verifying that /usr/local is managed by npm
16 silly rmMan preparing to remove /private/tmp/node-aRkfyS/node-v0.12.0/npm_install/man/man1/npm-bin.1
17 verbose gentlyRm verifying that /usr/local is managed by npm
18 silly rmMan preparing to remove /private/tmp/node-aRkfyS/node-v0.12.0/npm_install/man/man1/npm-bugs.1
19 verbose gentlyRm verifying that /usr/local is managed by npm
20 silly rmMan preparing to remove /private/tmp/node-aRkfyS/node-v0.12.0/npm_install/man/man1/npm-build.1
21 verbose gentlyRm verifying that /usr/local is managed by npm
22 silly rmMan preparing to remove /private/tmp/node-aRkfyS/node-v0.12.0/npm_install/man/man1/npm-bundle.1
23 verbose gentlyRm verifying that /usr/local is managed by npm
24 silly rmMan preparing to remove /private/tmp/node-aRkfyS/node-v0.12.0/npm_install/man/man1/npm-cache.1
25 verbose gentlyRm verifying that /usr/local is managed by npm
26 silly rmMan preparing to remove /private/tmp/node-aRkfyS/node-v0.12.0/npm_install/man/man1/npm-completion.1
27 verbose gentlyRm verifying that /usr/local is managed by npm
28 silly rmMan preparing to remove /private/tmp/node-aRkfyS/node-v0.12.0/npm_install/man/man1/npm-config.1
29 verbose gentlyRm verifying that /usr/local is managed by npm
30 silly rmMan preparing to remove /private/tmp/node-aRkfyS/node-v0.12.0/npm_install/man/man1/npm-dedupe.1
31 verbose gentlyRm verifying that /usr/local is managed by npm
32 silly rmMan preparing to remove /private/tmp/node-aRkfyS/node-v0.12.0/npm_install/man/man1/npm-deprecate.1
33 verbose gentlyRm verifying that /usr/local is managed by npm
34 silly rmMan preparing to remove /private/tmp/node-aRkfyS/node-v0.12.0/npm_install/man/man1/npm-dist-tag.1
35 verbose gentlyRm verifying that /usr/local is managed by npm
36 silly rmMan preparing to remove /private/tmp/node-aRkfyS/node-v0.12.0/npm_install/man/man1/npm-docs.1
37 verbose gentlyRm verifying that /usr/local is managed by npm
38 silly rmMan preparing to remove /private/tmp/node-aRkfyS/node-v0.12.0/npm_install/man/man1/npm-edit.1
39 verbose gentlyRm verifying that /usr/local is managed by npm
40 silly rmMan preparing to remove /private/tmp/node-aRkfyS/node-v0.12.0/npm_install/man/man1/npm-explore.1
41 verbose gentlyRm verifying that /usr/local is managed by npm
42 silly rmMan preparing to remove /private/tmp/node-aRkfyS/node-v0.12.0/npm_install/man/man1/npm-help-search.1
43 verbose gentlyRm verifying that /usr/local is managed by npm
44 silly rmMan preparing to remove /private/tmp/node-aRkfyS/node-v0.12.0/npm_install/man/man1/npm-help.1
45 verbose gentlyRm verifying that /usr/local is managed by npm
46 silly rmMan preparing to remove /private/tmp/node-aRkfyS/node-v0.12.0/npm_install/man/man1/npm-init.1
47 verbose gentlyRm verifying that /usr/local is managed by npm
48 silly rmMan preparing to remove /private/tmp/node-aRkfyS/node-v0.12.0/npm_install/man/man1/npm-install.1
49 verbose gentlyRm verifying that /usr/local is managed by npm
50 silly rmMan preparing to remove /private/tmp/node-aRkfyS/node-v0.12.0/npm_install/man/man1/npm-link.1
51 verbose gentlyRm verifying that /usr/local is managed by npm
52 silly rmMan preparing to remove /private/tmp/node-aRkfyS/node-v0.12.0/npm_install/man/man1/npm-ls.1
53 verbose gentlyRm verifying that /usr/local is managed by npm
54 silly rmMan preparing to remove /private/tmp/node-aRkfyS/node-v0.12.0/npm_install/man/man1/npm-outdated.1
55 verbose gentlyRm verifying that /usr/local is managed by npm
56 silly rmMan preparing to remove /private/tmp/node-aRkfyS/node-v0.12.0/npm_install/man/man1/npm-owner.1
57 verbose gentlyRm verifying that /usr/local is managed by npm
58 silly rmMan preparing to remove /private/tmp/node-aRkfyS/node-v0.12.0/npm_install/man/man1/npm-pack.1
59 verbose gentlyRm verifying that /usr/local is managed by npm
60 silly rmMan preparing to remove /private/tmp/node-aRkfyS/node-v0.12.0/npm_install/man/man1/npm-prefix.1
61 verbose gentlyRm verifying that /usr/local is managed by npm
62 silly rmMan preparing to remove /private/tmp/node-aRkfyS/node-v0.12.0/npm_install/man/man1/npm-prune.1
63 verbose gentlyRm verifying that /usr/local is managed by npm
64 silly rmMan preparing to remove /private/tmp/node-aRkfyS/node-v0.12.0/npm_install/man/man1/npm-publish.1
65 verbose gentlyRm verifying that /usr/local is managed by npm
66 silly rmMan preparing to remove /private/tmp/node-aRkfyS/node-v0.12.0/npm_install/man/man1/npm-rebuild.1
67 verbose gentlyRm verifying that /usr/local is managed by npm
68 silly rmMan preparing to remove /private/tmp/node-aRkfyS/node-v0.12.0/npm_install/man/man1/npm-repo.1
69 verbose gentlyRm verifying that /usr/local is managed by npm
70 silly rmMan preparing to remove /private/tmp/node-aRkfyS/node-v0.12.0/npm_install/man/man1/npm-restart.1
71 verbose gentlyRm verifying that /usr/local is managed by npm
72 silly rmMan preparing to remove /private/tmp/node-aRkfyS/node-v0.12.0/npm_install/man/man1/npm-rm.1
73 verbose gentlyRm verifying that /usr/local is managed by npm
74 silly rmMan preparing to remove /private/tmp/node-aRkfyS/node-v0.12.0/npm_install/man/man1/npm-root.1
75 verbose gentlyRm verifying that /usr/local is managed by npm
76 silly rmMan preparing to remove /private/tmp/node-aRkfyS/node-v0.12.0/npm_install/man/man1/npm-run-script.1
77 verbose gentlyRm verifying that /usr/local is managed by npm
78 silly rmMan preparing to remove /private/tmp/node-aRkfyS/node-v0.12.0/npm_install/man/man1/npm-search.1
79 verbose gentlyRm verifying that /usr/local is managed by npm
80 silly rmMan preparing to remove /private/tmp/node-aRkfyS/node-v0.12.0/npm_install/man/man1/npm-shrinkwrap.1
81 verbose gentlyRm verifying that /usr/local is managed by npm
82 silly rmMan preparing to remove /private/tmp/node-aRkfyS/node-v0.12.0/npm_install/man/man1/npm-star.1
83 verbose gentlyRm verifying that /usr/local is managed by npm
84 silly rmMan preparing to remove /private/tmp/node-aRkfyS/node-v0.12.0/npm_install/man/man1/npm-stars.1
85 verbose gentlyRm verifying that /usr/local is managed by npm
86 silly rmMan preparing to remove /private/tmp/node-aRkfyS/node-v0.12.0/npm_install/man/man1/npm-start.1
87 verbose gentlyRm verifying that /usr/local is managed by npm
88 silly rmMan preparing to remove /private/tmp/node-aRkfyS/node-v0.12.0/npm_install/man/man1/npm-stop.1
89 verbose gentlyRm verifying that /usr/local is managed by npm
90 silly rmMan preparing to remove /private/tmp/node-aRkfyS/node-v0.12.0/npm_install/man/man1/npm-submodule.1
91 verbose gentlyRm verifying that /usr/local is managed by npm
92 silly rmMan preparing to remove /private/tmp/node-aRkfyS/node-v0.12.0/npm_install/man/man1/npm-tag.1
93 verbose gentlyRm verifying that /usr/local is managed by npm
94 silly rmMan preparing to remove /private/tmp/node-aRkfyS/node-v0.12.0/npm_install/man/man1/npm-test.1
95 verbose gentlyRm verifying that /usr/local is managed by npm
96 silly rmMan preparing to remove /private/tmp/node-aRkfyS/node-v0.12.0/npm_install/man/man1/npm-uninstall.1
97 verbose gentlyRm verifying that /usr/local is managed by npm
98 silly rmMan preparing to remove /private/tmp/node-aRkfyS/node-v0.12.0/npm_install/man/man1/npm-unpublish.1
99 verbose gentlyRm verifying that /usr/local is managed by npm
100 silly rmMan preparing to remove /private/tmp/node-aRkfyS/node-v0.12.0/npm_install/man/man1/npm-update.1
101 verbose gentlyRm verifying that /usr/local is managed by npm
102 silly rmMan preparing to remove /private/tmp/node-aRkfyS/node-v0.12.0/npm_install/man/man1/npm-version.1
103 verbose gentlyRm verifying that /usr/local is managed by npm
104 silly rmMan preparing to remove /private/tmp/node-aRkfyS/node-v0.12.0/npm_install/man/man1/npm-view.1
105 verbose gentlyRm verifying that /usr/local is managed by npm
106 silly rmMan preparing to remove /private/tmp/node-aRkfyS/node-v0.12.0/npm_install/man/man1/npm-whoami.1
107 verbose gentlyRm verifying that /usr/local is managed by npm
108 silly rmMan preparing to remove /private/tmp/node-aRkfyS/node-v0.12.0/npm_install/man/man1/npm.1
109 verbose gentlyRm verifying that /usr/local is managed by npm
110 silly rmMan preparing to remove /private/tmp/node-aRkfyS/node-v0.12.0/npm_install/man/man3/npm-bin.3
111 verbose gentlyRm verifying that /usr/local is managed by npm
112 silly rmMan preparing to remove /private/tmp/node-aRkfyS/node-v0.12.0/npm_install/man/man3/npm-bugs.3
113 verbose gentlyRm verifying that /usr/local is managed by npm
114 silly rmMan preparing to remove /private/tmp/node-aRkfyS/node-v0.12.0/npm_install/man/man3/npm-cache.3
115 verbose gentlyRm verifying that /usr/local is managed by npm
116 silly rmMan preparing to remove /private/tmp/node-aRkfyS/node-v0.12.0/npm_install/man/man3/npm-commands.3
117 verbose gentlyRm verifying that /usr/local is managed by npm
118 silly rmMan preparing to remove /private/tmp/node-aRkfyS/node-v0.12.0/npm_install/man/man3/npm-config.3
119 verbose gentlyRm verifying that /usr/local is managed by npm
120 silly rmMan preparing to remove /private/tmp/node-aRkfyS/node-v0.12.0/npm_install/man/man3/npm-deprecate.3
121 verbose gentlyRm verifying that /usr/local is managed by npm
122 silly rmMan preparing to remove /private/tmp/node-aRkfyS/node-v0.12.0/npm_install/man/man3/npm-docs.3
123 verbose gentlyRm verifying that /usr/local is managed by npm
124 silly rmMan preparing to remove /private/tmp/node-aRkfyS/node-v0.12.0/npm_install/man/man3/npm-edit.3
125 verbose gentlyRm verifying that /usr/local is managed by npm
126 silly rmMan preparing to remove /private/tmp/node-aRkfyS/node-v0.12.0/npm_install/man/man3/npm-explore.3
127 verbose gentlyRm verifying that /usr/local is managed by npm
128 silly rmMan preparing to remove /private/tmp/node-aRkfyS/node-v0.12.0/npm_install/man/man3/npm-help-search.3
129 verbose gentlyRm verifying that /usr/local is managed by npm
130 silly rmMan preparing to remove /private/tmp/node-aRkfyS/node-v0.12.0/npm_install/man/man3/npm-init.3
131 verbose gentlyRm verifying that /usr/local is managed by npm
132 silly rmMan preparing to remove /private/tmp/node-aRkfyS/node-v0.12.0/npm_install/man/man3/npm-install.3
133 verbose gentlyRm verifying that /usr/local is managed by npm
134 silly rmMan preparing to remove /private/tmp/node-aRkfyS/node-v0.12.0/npm_install/man/man3/npm-link.3
135 verbose gentlyRm verifying that /usr/local is managed by npm
136 silly rmMan preparing to remove /private/tmp/node-aRkfyS/node-v0.12.0/npm_install/man/man3/npm-load.3
137 verbose gentlyRm verifying that /usr/local is managed by npm
138 silly rmMan preparing to remove /private/tmp/node-aRkfyS/node-v0.12.0/npm_install/man/man3/npm-ls.3
139 verbose gentlyRm verifying that /usr/local is managed by npm
140 silly rmMan preparing to remove /private/tmp/node-aRkfyS/node-v0.12.0/npm_install/man/man3/npm-outdated.3
141 verbose gentlyRm verifying that /usr/local is managed by npm
142 silly rmMan preparing to remove /private/tmp/node-aRkfyS/node-v0.12.0/npm_install/man/man3/npm-owner.3
143 verbose gentlyRm verifying that /usr/local is managed by npm
144 silly rmMan preparing to remove /private/tmp/node-aRkfyS/node-v0.12.0/npm_install/man/man3/npm-pack.3
145 verbose gentlyRm verifying that /usr/local is managed by npm
146 silly rmMan preparing to remove /private/tmp/node-aRkfyS/node-v0.12.0/npm_install/man/man3/npm-prefix.3
147 verbose gentlyRm verifying that /usr/local is managed by npm
148 silly rmMan preparing to remove /private/tmp/node-aRkfyS/node-v0.12.0/npm_install/man/man3/npm-prune.3
149 verbose gentlyRm verifying that /usr/local is managed by npm
150 silly rmMan preparing to remove /private/tmp/node-aRkfyS/node-v0.12.0/npm_install/man/man3/npm-publish.3
151 verbose gentlyRm verifying that /usr/local is managed by npm
152 silly rmMan preparing to remove /private/tmp/node-aRkfyS/node-v0.12.0/npm_install/man/man3/npm-rebuild.3
153 verbose gentlyRm verifying that /usr/local is managed by npm
154 silly rmMan preparing to remove /private/tmp/node-aRkfyS/node-v0.12.0/npm_install/man/man3/npm-repo.3
155 verbose gentlyRm verifying that /usr/local is managed by npm
156 silly rmMan preparing to remove /private/tmp/node-aRkfyS/node-v0.12.0/npm_install/man/man3/npm-restart.3
157 verbose gentlyRm verifying that /usr/local is managed by npm
158 silly rmMan preparing to remove /private/tmp/node-aRkfyS/node-v0.12.0/npm_install/man/man3/npm-root.3
159 verbose gentlyRm verifying that /usr/local is managed by npm
160 silly rmMan preparing to remove /private/tmp/node-aRkfyS/node-v0.12.0/npm_install/man/man3/npm-run-script.3
161 verbose gentlyRm verifying that /usr/local is managed by npm
162 silly rmMan preparing to remove /private/tmp/node-aRkfyS/node-v0.12.0/npm_install/man/man3/npm-search.3
163 verbose gentlyRm verifying that /usr/local is managed by npm
164 silly rmMan preparing to remove /private/tmp/node-aRkfyS/node-v0.12.0/npm_install/man/man3/npm-shrinkwrap.3
165 verbose gentlyRm verifying that /usr/local is managed by npm
166 silly rmMan preparing to remove /private/tmp/node-aRkfyS/node-v0.12.0/npm_install/man/man3/npm-start.3
167 verbose gentlyRm verifying that /usr/local is managed by npm
168 silly rmMan preparing to remove /private/tmp/node-aRkfyS/node-v0.12.0/npm_install/man/man3/npm-stop.3
169 verbose gentlyRm verifying that /usr/local is managed by npm
170 silly rmMan preparing to remove /private/tmp/node-aRkfyS/node-v0.12.0/npm_install/man/man3/npm-submodule.3
171 verbose gentlyRm verifying that /usr/local is managed by npm
172 silly rmMan preparing to remove /private/tmp/node-aRkfyS/node-v0.12.0/npm_install/man/man3/npm-tag.3
173 verbose gentlyRm verifying that /usr/local is managed by npm
174 silly rmMan preparing to remove /private/tmp/node-aRkfyS/node-v0.12.0/npm_install/man/man3/npm-test.3
175 verbose gentlyRm verifying that /usr/local is managed by npm
176 silly rmMan preparing to remove /private/tmp/node-aRkfyS/node-v0.12.0/npm_install/man/man3/npm-uninstall.3
177 verbose gentlyRm verifying that /usr/local is managed by npm
178 silly rmMan preparing to remove /private/tmp/node-aRkfyS/node-v0.12.0/npm_install/man/man3/npm-unpublish.3
179 verbose gentlyRm verifying that /usr/local is managed by npm
180 silly rmMan preparing to remove /private/tmp/node-aRkfyS/node-v0.12.0/npm_install/man/man3/npm-update.3
181 verbose gentlyRm verifying that /usr/local is managed by npm
182 silly rmMan preparing to remove /private/tmp/node-aRkfyS/node-v0.12.0/npm_install/man/man3/npm-version.3
183 verbose gentlyRm verifying that /usr/local is managed by npm
184 silly rmMan preparing to remove /private/tmp/node-aRkfyS/node-v0.12.0/npm_install/man/man3/npm-view.3
185 verbose gentlyRm verifying that /usr/local is managed by npm
186 silly rmMan preparing to remove /private/tmp/node-aRkfyS/node-v0.12.0/npm_install/man/man3/npm-whoami.3
187 verbose gentlyRm verifying that /usr/local is managed by npm
188 silly rmMan preparing to remove /private/tmp/node-aRkfyS/node-v0.12.0/npm_install/man/man3/npm.3
189 verbose gentlyRm verifying that /usr/local is managed by npm
190 silly rmMan preparing to remove /private/tmp/node-aRkfyS/node-v0.12.0/npm_install/man/man5/npm-folders.5
191 verbose gentlyRm verifying that /usr/local is managed by npm
192 silly rmMan preparing to remove /private/tmp/node-aRkfyS/node-v0.12.0/npm_install/man/man5/npm-global.5
193 verbose gentlyRm verifying that /usr/local is managed by npm
194 silly rmMan preparing to remove /private/tmp/node-aRkfyS/node-v0.12.0/npm_install/man/man5/npm-json.5
195 verbose gentlyRm verifying that /usr/local is managed by npm
196 silly rmMan preparing to remove /private/tmp/node-aRkfyS/node-v0.12.0/npm_install/man/man5/npmrc.5
197 verbose gentlyRm verifying that /usr/local is managed by npm
198 silly rmMan preparing to remove /private/tmp/node-aRkfyS/node-v0.12.0/npm_install/man/man5/package.json.5
199 verbose gentlyRm verifying that /usr/local is managed by npm
200 silly rmMan preparing to remove /private/tmp/node-aRkfyS/node-v0.12.0/npm_install/man/man7/npm-coding-style.7
201 verbose gentlyRm verifying that /usr/local is managed by npm
202 silly rmMan preparing to remove /private/tmp/node-aRkfyS/node-v0.12.0/npm_install/man/man7/npm-config.7
203 verbose gentlyRm verifying that /usr/local is managed by npm
204 silly rmMan preparing to remove /private/tmp/node-aRkfyS/node-v0.12.0/npm_install/man/man7/npm-developers.7
205 verbose gentlyRm verifying that /usr/local is managed by npm
206 silly rmMan preparing to remove /private/tmp/node-aRkfyS/node-v0.12.0/npm_install/man/man7/npm-disputes.7
207 verbose gentlyRm verifying that /usr/local is managed by npm
208 silly rmMan preparing to remove /private/tmp/node-aRkfyS/node-v0.12.0/npm_install/man/man7/npm-faq.7
209 verbose gentlyRm verifying that /usr/local is managed by npm
210 silly rmMan preparing to remove /private/tmp/node-aRkfyS/node-v0.12.0/npm_install/man/man7/npm-index.7
211 verbose gentlyRm verifying that /usr/local is managed by npm
212 silly rmMan preparing to remove /private/tmp/node-aRkfyS/node-v0.12.0/npm_install/man/man7/npm-registry.7
213 verbose gentlyRm verifying that /usr/local is managed by npm
214 silly rmMan preparing to remove /private/tmp/node-aRkfyS/node-v0.12.0/npm_install/man/man7/npm-scope.7
215 verbose gentlyRm verifying that /usr/local is managed by npm
216 silly rmMan preparing to remove /private/tmp/node-aRkfyS/node-v0.12.0/npm_install/man/man7/npm-scripts.7
217 verbose gentlyRm verifying that /usr/local is managed by npm
218 silly rmMan preparing to remove /private/tmp/node-aRkfyS/node-v0.12.0/npm_install/man/man7/removing-npm.7
219 verbose gentlyRm verifying that /usr/local is managed by npm
220 silly rmMan preparing to remove /private/tmp/node-aRkfyS/node-v0.12.0/npm_install/man/man7/semver.7
221 verbose gentlyRm verifying that /usr/local is managed by npm
222 silly isManaged /usr/local/lib/node_modules is inside /usr/local
223 silly gentlyRm /usr/local is managed by npm
224 silly gentlyRm /usr/local/bin/npm is under /usr/local
225 verbose gentlyRm vacuuming /usr/local/bin/npm up to /usr/local
226 silly isManaged /usr/local/lib/node_modules is inside /usr/local
227 silly gentlyRm /usr/local is managed by npm
228 silly gentlyRm /usr/local/share/man/man1/npm-README.1.1 is under /usr/local
229 verbose gentlyRm vacuuming /usr/local/share/man/man1/npm-README.1.1 up to /usr/local
230 silly isManaged /usr/local is not inside /usr/local/lib/node_modules
231 silly isManaged /usr/local is not inside /usr/local/lib/node_modules
232 silly isManaged /usr/local is not inside /usr/local/lib/node_modules
233 silly isManaged /usr/local is not inside /usr/local/lib/node_modules
234 silly isManaged /usr/local is not inside /usr/local/lib/node_modules
235 silly isManaged /usr/local is not inside /usr/local/lib/node_modules
236 silly isManaged /usr/local is not inside /usr/local/lib/node_modules
237 silly isManaged /usr/local is not inside /usr/local/lib/node_modules
238 silly isManaged /usr/local is not inside /usr/local/lib/node_modules
239 silly isManaged /usr/local is not inside /usr/local/lib/node_modules
240 silly isManaged /usr/local is not inside /usr/local/lib/node_modules
241 silly isManaged /usr/local is not inside /usr/local/lib/node_modules
242 silly isManaged /usr/local is not inside /usr/local/lib/node_modules
243 silly isManaged /usr/local is not inside /usr/local/lib/node_modules
244 silly isManaged /usr/local is not inside /usr/local/lib/node_modules
245 silly isManaged /usr/local is not inside /usr/local/lib/node_modules
246 silly isManaged /usr/local is not inside /usr/local/lib/node_modules
247 silly isManaged /usr/local is not inside /usr/local/lib/node_modules
248 silly isManaged /usr/local is not inside /usr/local/lib/node_modules
249 silly isManaged /usr/local is not inside /usr/local/lib/node_modules
250 silly isManaged /usr/local is not inside /usr/local/lib/node_modules
251 silly isManaged /usr/local is not inside /usr/local/lib/node_modules
252 silly isManaged /usr/local is not inside /usr/local/lib/node_modules
253 silly isManaged /usr/local is not inside /usr/local/lib/node_modules
254 silly isManaged /usr/local is not inside /usr/local/lib/node_modules
255 silly isManaged /usr/local is not inside /usr/local/lib/node_modules
256 silly isManaged /usr/local is not inside /usr/local/lib/node_modules
257 silly isManaged /usr/local is not inside /usr/local/lib/node_modules
258 silly isManaged /usr/local is not inside /usr/local/lib/node_modules
259 silly isManaged /usr/local is not inside /usr/local/lib/node_modules
260 silly isManaged /usr/local is not inside /usr/local/lib/node_modules
261 silly isManaged /usr/local is not inside /usr/local/lib/node_modules
262 silly isManaged /usr/local is not inside /usr/local/lib/node_modules
263 silly isManaged /usr/local is not inside /usr/local/lib/node_modules
264 silly isManaged /usr/local is not inside /usr/local/lib/node_modules
265 silly isManaged /usr/local is not inside /usr/local/lib/node_modules
266 silly isManaged /usr/local is not inside /usr/local/lib/node_modules
267 silly isManaged /usr/local is not inside /usr/local/lib/node_modules
268 silly isManaged /usr/local is not inside /usr/local/lib/node_modules
269 silly isManaged /usr/local is not inside /usr/local/lib/node_modules
270 silly isManaged /usr/local is not inside /usr/local/lib/node_modules
271 silly isManaged /usr/local is not inside /usr/local/lib/node_modules
272 silly isManaged /usr/local is not inside /usr/local/lib/node_modules
273 silly isManaged /usr/local is not inside /usr/local/lib/node_modules
274 silly isManaged /usr/local is not inside /usr/local/lib/node_modules
275 silly isManaged /usr/local is not inside /usr/local/lib/node_modules
276 silly isManaged /usr/local is not inside /usr/local/lib/node_modules
277 silly isManaged /usr/local is not inside /usr/local/lib/node_modules
278 silly isManaged /usr/local is not inside /usr/local/lib/node_modules
279 silly isManaged /usr/local is not inside /usr/local/lib/node_modules
280 silly isManaged /usr/local is not inside /usr/local/lib/node_modules
281 silly isManaged /usr/local is not inside /usr/local/lib/node_modules
282 silly isManaged /usr/local is not inside /usr/local/lib/node_modules
283 silly isManaged /usr/local is not inside /usr/local/lib/node_modules
284 silly isManaged /usr/local is not inside /usr/local/lib/node_modules
285 silly isManaged /usr/local is not inside /usr/local/lib/node_modules
286 silly isManaged /usr/local is not inside /usr/local/lib/node_modules
287 silly isManaged /usr/local is not inside /usr/local/lib/node_modules
288 silly isManaged /usr/local is not inside /usr/local/lib/node_modules
289 silly isManaged /usr/local is not inside /usr/local/lib/node_modules
290 silly isManaged /usr/local is not inside /usr/local/lib/node_modules
291 silly isManaged /usr/local is not inside /usr/local/lib/node_modules
292 silly isManaged /usr/local is not inside /usr/local/lib/node_modules
293 silly isManaged /usr/local is not inside /usr/local/lib/node_modules
294 silly isManaged /usr/local is not inside /usr/local/lib/node_modules
295 silly isManaged /usr/local is not inside /usr/local/lib/node_modules
296 silly isManaged /usr/local is not inside /usr/local/lib/node_modules
297 silly isManaged /usr/local is not inside /usr/local/lib/node_modules
298 silly isManaged /usr/local is not inside /usr/local/lib/node_modules
299 silly isManaged /usr/local is not inside /usr/local/lib/node_modules
300 silly isManaged /usr/local is not inside /usr/local/lib/node_modules
301 silly isManaged /usr/local is not inside /usr/local/lib/node_modules
302 silly isManaged /usr/local is not inside /usr/local/lib/node_modules
303 silly isManaged /usr/local is not inside /usr/local/lib/node_modules
304 silly isManaged /usr/local is not inside /usr/local/lib/node_modules
305 silly isManaged /usr/local is not inside /usr/local/lib/node_modules
306 silly isManaged /usr/local is not inside /usr/local/lib/node_modules
307 silly isManaged /usr/local is not inside /usr/local/lib/node_modules
308 silly isManaged /usr/local is not inside /usr/local/lib/node_modules
309 silly isManaged /usr/local is not inside /usr/local/lib/node_modules
310 silly isManaged /usr/local is not inside /usr/local/lib/node_modules
311 silly isManaged /usr/local is not inside /usr/local/lib/node_modules
312 silly isManaged /usr/local is not inside /usr/local/lib/node_modules
313 silly isManaged /usr/local is not inside /usr/local/lib/node_modules
314 silly isManaged /usr/local is not inside /usr/local/lib/node_modules
315 silly isManaged /usr/local is not inside /usr/local/lib/node_modules
316 silly isManaged /usr/local is not inside /usr/local/lib/node_modules
317 silly isManaged /usr/local is not inside /usr/local/lib/node_modules
318 silly isManaged /usr/local is not inside /usr/local/lib/node_modules
319 silly isManaged /usr/local is not inside /usr/local/lib/node_modules
320 silly isManaged /usr/local is not inside /usr/local/lib/node_modules
321 silly isManaged /usr/local is not inside /usr/local/lib/node_modules
322 silly isManaged /usr/local is not inside /usr/local/lib/node_modules
323 silly isManaged /usr/local is not inside /usr/local/lib/node_modules
324 silly isManaged /usr/local is not inside /usr/local/lib/node_modules
325 silly isManaged /usr/local is not inside /usr/local/lib/node_modules
326 silly isManaged /usr/local is not inside /usr/local/lib/node_modules
327 silly isManaged /usr/local is not inside /usr/local/lib/node_modules
328 silly isManaged /usr/local is not inside /usr/local/lib/node_modules
329 silly isManaged /usr/local is not inside /usr/local/lib/node_modules
330 silly isManaged /usr/local is not inside /usr/local/lib/node_modules
331 silly isManaged /usr/local is not inside /usr/local/lib/node_modules
332 silly isManaged /usr/local is not inside /usr/local/lib/node_modules
333 silly isManaged /usr/local is not inside /usr/local/lib/node_modules
334 silly isManaged /usr/local is not inside /usr/local/lib/node_modules
335 silly isManaged /usr/local is not inside /usr/local/lib/node_modules
336 silly isManaged /usr/local is not inside /usr/local/lib/node_modules
337 silly isManaged /usr/local is not inside /usr/local/lib/node_modules
338 silly isManaged /usr/local is not inside /usr/local/lib/node_modules
339 silly isManaged /usr/local is not inside /usr/local/lib/node_modules
340 silly isManaged /usr/local is not inside /usr/local/lib/node_modules
341 silly isManaged /usr/local is not inside /usr/local/lib/node_modules
342 silly isManaged /usr/local is not inside /usr/local/lib/node_modules
343 silly isManaged /usr/local is not inside /usr/local/lib/node_modules
344 silly isManaged /usr/local is not inside /usr/local/lib/node_modules
345 silly isManaged /usr/local is not inside /usr/local/lib/node_modules
346 silly isManaged /usr/local is not inside /usr/local/lib/node_modules
347 silly isManaged /usr/local is not inside /usr/local/lib/node_modules
348 silly isManaged /usr/local is not inside /usr/local/lib/node_modules
349 silly isManaged /usr/local is not inside /usr/local/lib/node_modules
350 silly isManaged /usr/local is not inside /usr/local/lib/node_modules
351 silly isManaged /usr/local is not inside /usr/local/lib/node_modules
352 silly isManaged /usr/local is not inside /usr/local/lib/node_modules
353 silly isManaged /usr/local is not inside /usr/local/lib/node_modules
354 silly isManaged /usr/local is not inside /usr/local/lib/node_modules
355 silly isManaged /usr/local is not inside /usr/local/lib/node_modules
356 silly isManaged /usr/local is not inside /usr/local/lib/node_modules
357 silly isManaged /usr/local is not inside /usr/local/lib/node_modules
358 silly isManaged /usr/local is not inside /usr/local/lib/node_modules
359 silly isManaged /usr/local is not inside /usr/local/lib/node_modules
360 silly isManaged /usr/local is not inside /usr/local/lib/node_modules
361 silly isManaged /usr/local is not inside /usr/local/lib/node_modules
362 silly isManaged /usr/local is not inside /usr/local/lib/node_modules
363 silly isManaged /usr/local is not inside /usr/local/lib/node_modules
364 silly isManaged /usr/local is not inside /usr/local/lib/node_modules
365 silly isManaged /usr/local is not inside /usr/local/lib/node_modules
366 silly isManaged /usr/local is not inside /usr/local/lib/node_modules
367 silly isManaged /usr/local is not inside /usr/local/lib/node_modules
368 silly isManaged /usr/local is not inside /usr/local/lib/node_modules
369 silly isManaged /usr/local is not inside /usr/local/lib/node_modules
370 silly isManaged /usr/local is not inside /usr/local/lib/node_modules
371 silly isManaged /usr/local is not inside /usr/local/lib/node_modules
372 silly isManaged /usr/local is not inside /usr/local/lib/node_modules
373 silly isManaged /usr/local is not inside /usr/local/lib/node_modules
374 silly isManaged /usr/local is not inside /usr/local/lib/node_modules
375 silly isManaged /usr/local is not inside /usr/local/lib/node_modules
376 silly isManaged /usr/local is not inside /usr/local/lib/node_modules
377 silly isManaged /usr/local is not inside /usr/local/lib/node_modules
378 silly isManaged /usr/local is not inside /usr/local/lib/node_modules
379 silly isManaged /usr/local is not inside /usr/local/lib/node_modules
380 silly isManaged /usr/local is not inside /usr/local/lib/node_modules
381 silly isManaged /usr/local is not inside /usr/local/lib/node_modules
382 silly isManaged /usr/local is not inside /usr/local/lib/node_modules
383 silly isManaged /usr/local is not inside /usr/local/lib/node_modules
384 silly isManaged /usr/local is not inside /usr/local/lib/node_modules
385 silly isManaged /usr/local is not inside /usr/local/lib/node_modules
386 silly isManaged /usr/local is not inside /usr/local/lib/node_modules
387 silly isManaged /usr/local is not inside /usr/local/lib/node_modules
388 silly isManaged /usr/local is not inside /usr/local/lib/node_modules
389 silly isManaged /usr/local is not inside /usr/local/lib/node_modules
390 silly isManaged /usr/local is not inside /usr/local/lib/node_modules
391 silly isManaged /usr/local is not inside /usr/local/lib/node_modules
392 silly isManaged /usr/local is not inside /usr/local/lib/node_modules
393 silly isManaged /usr/local is not inside /usr/local/lib/node_modules
394 silly isManaged /usr/local is not inside /usr/local/lib/node_modules
395 silly isManaged /usr/local is not inside /usr/local/lib/node_modules
396 silly isManaged /usr/local is not inside /usr/local/lib/node_modules
397 silly isManaged /usr/local is not inside /usr/local/lib/node_modules
398 silly isManaged /usr/local is not inside /usr/local/lib/node_modules
399 silly isManaged /usr/local is not inside /usr/local/lib/node_modules
400 silly isManaged /usr/local is not inside /usr/local/lib/node_modules
401 silly isManaged /usr/local is not inside /usr/local/lib/node_modules
402 silly isManaged /usr/local is not inside /usr/local/lib/node_modules
403 silly isManaged /usr/local is not inside /usr/local/lib/node_modules
404 silly isManaged /usr/local is not inside /usr/local/lib/node_modules
405 silly isManaged /usr/local is not inside /usr/local/lib/node_modules
406 silly isManaged /usr/local is not inside /usr/local/lib/node_modules
407 silly isManaged /usr/local is not inside /usr/local/lib/node_modules
408 silly isManaged /usr/local is not inside /usr/local/lib/node_modules
409 silly isManaged /usr/local is not inside /usr/local/lib/node_modules
410 silly isManaged /usr/local is not inside /usr/local/lib/node_modules
411 silly isManaged /usr/local is not inside /usr/local/lib/node_modules
412 silly isManaged /usr/local is not inside /usr/local/lib/node_modules
413 silly isManaged /usr/local is not inside /usr/local/lib/node_modules
414 silly isManaged /usr/local is not inside /usr/local/lib/node_modules
415 silly isManaged /usr/local is not inside /usr/local/lib/node_modules
416 silly isManaged /usr/local is not inside /usr/local/lib/node_modules
417 silly isManaged /usr/local is not inside /usr/local/lib/node_modules
418 silly isManaged /usr/local is not inside /usr/local/lib/node_modules
419 silly isManaged /usr/local is not inside /usr/local/lib/node_modules
420 silly isManaged /usr/local is not inside /usr/local/lib/node_modules
421 silly isManaged /usr/local is not inside /usr/local/lib/node_modules
422 silly isManaged /usr/local is not inside /usr/local/lib/node_modules
423 silly isManaged /usr/local is not inside /usr/local/lib/node_modules
424 silly isManaged /usr/local is not inside /usr/local/lib/node_modules
425 silly isManaged /usr/local is not inside /usr/local/lib/node_modules
426 silly isManaged /usr/local is not inside /usr/local/lib/node_modules
427 silly isManaged /usr/local is not inside /usr/local/lib/node_modules
428 silly isManaged /usr/local is not inside /usr/local/lib/node_modules
429 silly isManaged /usr/local is not inside /usr/local/lib/node_modules
430 silly isManaged /usr/local is not inside /usr/local/lib/node_modules
431 silly isManaged /usr/local is not inside /usr/local/lib/node_modules
432 silly isManaged /usr/local is not inside /usr/local/lib/node_modules
433 silly isManaged /usr/local is not inside /usr/local/lib/node_modules
434 silly isManaged /usr/local is not inside /usr/local/lib/node_modules
435 silly isManaged /usr/local is not inside /usr/local/lib/node_modules
436 silly isManaged /usr/local is not inside /usr/local/lib/node_modules
437 silly isManaged /usr/local is not inside /usr/local/lib/node_modules
438 silly isManaged /usr/local is not inside /usr/local/lib/node_modules
439 silly isManaged /usr/local is not inside /usr/local/lib/node_modules
440 silly gentlyRm removing /usr/local/bin/npm
441 silly isManaged /usr/local/bin is inside /usr/local
442 silly gentlyRm /usr/local is managed by npm
443 silly gentlyRm /usr/local/share/man/man1/npm-access.1.1 is under /usr/local
444 verbose gentlyRm vacuuming /usr/local/share/man/man1/npm-access.1.1 up to /usr/local
445 silly isManaged /usr/local/bin is inside /usr/local
446 silly gentlyRm /usr/local is managed by npm
447 silly gentlyRm /usr/local/share/man/man1/npm-adduser.1.1 is under /usr/local
448 verbose gentlyRm vacuuming /usr/local/share/man/man1/npm-adduser.1.1 up to /usr/local
449 silly isManaged /usr/local/bin is inside /usr/local
450 silly gentlyRm /usr/local is managed by npm
451 silly gentlyRm /usr/local/share/man/man1/npm-bin.1.1 is under /usr/local
452 verbose gentlyRm vacuuming /usr/local/share/man/man1/npm-bin.1.1 up to /usr/local
453 silly isManaged /usr/local/bin is inside /usr/local
454 silly gentlyRm /usr/local is managed by npm
455 silly gentlyRm /usr/local/share/man/man1/npm-bugs.1.1 is under /usr/local
456 verbose gentlyRm vacuuming /usr/local/share/man/man1/npm-bugs.1.1 up to /usr/local
457 silly isManaged /usr/local/bin is inside /usr/local
458 silly gentlyRm /usr/local is managed by npm
459 silly gentlyRm /usr/local/share/man/man1/npm-build.1.1 is under /usr/local
460 verbose gentlyRm vacuuming /usr/local/share/man/man1/npm-build.1.1 up to /usr/local
461 silly isManaged /usr/local/bin is inside /usr/local
462 silly gentlyRm /usr/local is managed by npm
463 silly gentlyRm /usr/local/share/man/man1/npm-bundle.1.1 is under /usr/local
464 verbose gentlyRm vacuuming /usr/local/share/man/man1/npm-bundle.1.1 up to /usr/local
465 silly isManaged /usr/local/bin is inside /usr/local
466 silly gentlyRm /usr/local is managed by npm
467 silly gentlyRm /usr/local/share/man/man1/npm-cache.1.1 is under /usr/local
468 verbose gentlyRm vacuuming /usr/local/share/man/man1/npm-cache.1.1 up to /usr/local
469 silly isManaged /usr/local/bin is inside /usr/local
470 silly gentlyRm /usr/local is managed by npm
471 silly gentlyRm /usr/local/share/man/man1/npm-completion.1.1 is under /usr/local
472 verbose gentlyRm vacuuming /usr/local/share/man/man1/npm-completion.1.1 up to /usr/local
473 silly isManaged /usr/local/bin is inside /usr/local
474 silly gentlyRm /usr/local is managed by npm
475 silly gentlyRm /usr/local/share/man/man1/npm-config.1.1 is under /usr/local
476 verbose gentlyRm vacuuming /usr/local/share/man/man1/npm-config.1.1 up to /usr/local
477 silly isManaged /usr/local/bin is inside /usr/local
478 silly gentlyRm /usr/local is managed by npm
479 silly gentlyRm /usr/local/share/man/man1/npm-dedupe.1.1 is under /usr/local
480 verbose gentlyRm vacuuming /usr/local/share/man/man1/npm-dedupe.1.1 up to /usr/local
481 silly isManaged /usr/local/bin is inside /usr/local
482 silly gentlyRm /usr/local is managed by npm
483 silly gentlyRm /usr/local/share/man/man1/npm-deprecate.1.1 is under /usr/local
484 verbose gentlyRm vacuuming /usr/local/share/man/man1/npm-deprecate.1.1 up to /usr/local
485 silly isManaged /usr/local/bin is inside /usr/local
486 silly gentlyRm /usr/local is managed by npm
487 silly gentlyRm /usr/local/share/man/man1/npm-dist-tag.1.1 is under /usr/local
488 verbose gentlyRm vacuuming /usr/local/share/man/man1/npm-dist-tag.1.1 up to /usr/local
489 silly isManaged /usr/local/bin is inside /usr/local
490 silly gentlyRm /usr/local is managed by npm
491 silly gentlyRm /usr/local/share/man/man1/npm-docs.1.1 is under /usr/local
492 verbose gentlyRm vacuuming /usr/local/share/man/man1/npm-docs.1.1 up to /usr/local
493 silly isManaged /usr/local/bin is inside /usr/local
494 silly gentlyRm /usr/local is managed by npm
495 silly gentlyRm /usr/local/share/man/man1/npm-edit.1.1 is under /usr/local
496 verbose gentlyRm vacuuming /usr/local/share/man/man1/npm-edit.1.1 up to /usr/local
497 silly isManaged /usr/local/bin is inside /usr/local
498 silly gentlyRm /usr/local is managed by npm
499 silly gentlyRm /usr/local/share/man/man1/npm-explore.1.1 is under /usr/local
500 verbose gentlyRm vacuuming /usr/local/share/man/man1/npm-explore.1.1 up to /usr/local
501 silly isManaged /usr/local/bin is inside /usr/local
502 silly gentlyRm /usr/local is managed by npm
503 silly gentlyRm /usr/local/share/man/man1/npm-help-search.1.1 is under /usr/local
504 verbose gentlyRm vacuuming /usr/local/share/man/man1/npm-help-search.1.1 up to /usr/local
505 silly isManaged /usr/local/bin is inside /usr/local
506 silly gentlyRm /usr/local is managed by npm
507 silly gentlyRm /usr/local/share/man/man1/npm-help.1.1 is under /usr/local
508 verbose gentlyRm vacuuming /usr/local/share/man/man1/npm-help.1.1 up to /usr/local
509 silly isManaged /usr/local/bin is inside /usr/local
510 silly gentlyRm /usr/local is managed by npm
511 silly gentlyRm /usr/local/share/man/man1/npm-init.1.1 is under /usr/local
512 verbose gentlyRm vacuuming /usr/local/share/man/man1/npm-init.1.1 up to /usr/local
513 silly isManaged /usr/local/bin is inside /usr/local
514 silly gentlyRm /usr/local is managed by npm
515 silly gentlyRm /usr/local/share/man/man1/npm-install.1.1 is under /usr/local
516 verbose gentlyRm vacuuming /usr/local/share/man/man1/npm-install.1.1 up to /usr/local
517 silly isManaged /usr/local/bin is inside /usr/local
518 silly gentlyRm /usr/local is managed by npm
519 silly gentlyRm /usr/local/share/man/man1/npm-link.1.1 is under /usr/local
520 verbose gentlyRm vacuuming /usr/local/share/man/man1/npm-link.1.1 up to /usr/local
521 silly isManaged /usr/local/bin is inside /usr/local
522 silly gentlyRm /usr/local is managed by npm
523 silly gentlyRm /usr/local/share/man/man1/npm-ls.1.1 is under /usr/local
524 verbose gentlyRm vacuuming /usr/local/share/man/man1/npm-ls.1.1 up to /usr/local
525 silly isManaged /usr/local/bin is inside /usr/local
526 silly gentlyRm /usr/local is managed by npm
527 silly gentlyRm /usr/local/share/man/man1/npm-outdated.1.1 is under /usr/local
528 verbose gentlyRm vacuuming /usr/local/share/man/man1/npm-outdated.1.1 up to /usr/local
529 silly isManaged /usr/local/bin is inside /usr/local
530 silly gentlyRm /usr/local is managed by npm
531 silly gentlyRm /usr/local/share/man/man1/npm-owner.1.1 is under /usr/local
532 verbose gentlyRm vacuuming /usr/local/share/man/man1/npm-owner.1.1 up to /usr/local
533 silly isManaged /usr/local/bin is inside /usr/local
534 silly gentlyRm /usr/local is managed by npm
535 silly gentlyRm /usr/local/share/man/man1/npm-pack.1.1 is under /usr/local
536 verbose gentlyRm vacuuming /usr/local/share/man/man1/npm-pack.1.1 up to /usr/local
537 silly isManaged /usr/local/bin is inside /usr/local
538 silly gentlyRm /usr/local is managed by npm
539 silly gentlyRm /usr/local/share/man/man1/npm-prefix.1.1 is under /usr/local
540 verbose gentlyRm vacuuming /usr/local/share/man/man1/npm-prefix.1.1 up to /usr/local
541 silly isManaged /usr/local/bin is inside /usr/local
542 silly gentlyRm /usr/local is managed by npm
543 silly gentlyRm /usr/local/share/man/man1/npm-prune.1.1 is under /usr/local
544 verbose gentlyRm vacuuming /usr/local/share/man/man1/npm-prune.1.1 up to /usr/local
545 silly isManaged /usr/local/bin is inside /usr/local
546 silly gentlyRm /usr/local is managed by npm
547 silly gentlyRm /usr/local/share/man/man1/npm-publish.1.1 is under /usr/local
548 verbose gentlyRm vacuuming /usr/local/share/man/man1/npm-publish.1.1 up to /usr/local
549 silly isManaged /usr/local/bin is inside /usr/local
550 silly gentlyRm /usr/local is managed by npm
551 silly gentlyRm /usr/local/share/man/man1/npm-rebuild.1.1 is under /usr/local
552 verbose gentlyRm vacuuming /usr/local/share/man/man1/npm-rebuild.1.1 up to /usr/local
553 silly isManaged /usr/local/bin is inside /usr/local
554 silly gentlyRm /usr/local is managed by npm
555 silly gentlyRm /usr/local/share/man/man1/npm-repo.1.1 is under /usr/local
556 verbose gentlyRm vacuuming /usr/local/share/man/man1/npm-repo.1.1 up to /usr/local
557 silly isManaged /usr/local/bin is inside /usr/local
558 silly gentlyRm /usr/local is managed by npm
559 silly gentlyRm /usr/local/share/man/man1/npm-restart.1.1 is under /usr/local
560 verbose gentlyRm vacuuming /usr/local/share/man/man1/npm-restart.1.1 up to /usr/local
561 silly isManaged /usr/local/bin is inside /usr/local
562 silly gentlyRm /usr/local is managed by npm
563 silly gentlyRm /usr/local/share/man/man1/npm-rm.1.1 is under /usr/local
564 verbose gentlyRm vacuuming /usr/local/share/man/man1/npm-rm.1.1 up to /usr/local
565 silly isManaged /usr/local/bin is inside /usr/local
566 silly gentlyRm /usr/local is managed by npm
567 silly gentlyRm /usr/local/share/man/man1/npm-root.1.1 is under /usr/local
568 verbose gentlyRm vacuuming /usr/local/share/man/man1/npm-root.1.1 up to /usr/local
569 silly isManaged /usr/local/bin is inside /usr/local
570 silly gentlyRm /usr/local is managed by npm
571 silly gentlyRm /usr/local/share/man/man1/npm-run-script.1.1 is under /usr/local
572 verbose gentlyRm vacuuming /usr/local/share/man/man1/npm-run-script.1.1 up to /usr/local
573 silly isManaged /usr/local/bin is inside /usr/local
574 silly gentlyRm /usr/local is managed by npm
575 silly gentlyRm /usr/local/share/man/man1/npm-search.1.1 is under /usr/local
576 verbose gentlyRm vacuuming /usr/local/share/man/man1/npm-search.1.1 up to /usr/local
577 silly isManaged /usr/local/bin is inside /usr/local
578 silly gentlyRm /usr/local is managed by npm
579 silly gentlyRm /usr/local/share/man/man1/npm-shrinkwrap.1.1 is under /usr/local
580 verbose gentlyRm vacuuming /usr/local/share/man/man1/npm-shrinkwrap.1.1 up to /usr/local
581 silly isManaged /usr/local/bin is inside /usr/local
582 silly gentlyRm /usr/local is managed by npm
583 silly gentlyRm /usr/local/share/man/man1/npm-star.1.1 is under /usr/local
584 verbose gentlyRm vacuuming /usr/local/share/man/man1/npm-star.1.1 up to /usr/local
585 silly isManaged /usr/local/bin is inside /usr/local
586 silly gentlyRm /usr/local is managed by npm
587 silly gentlyRm /usr/local/share/man/man1/npm-stars.1.1 is under /usr/local
588 verbose gentlyRm vacuuming /usr/local/share/man/man1/npm-stars.1.1 up to /usr/local
589 silly isManaged /usr/local/bin is inside /usr/local
590 silly gentlyRm /usr/local is managed by npm
591 silly gentlyRm /usr/local/share/man/man1/npm-start.1.1 is under /usr/local
592 verbose gentlyRm vacuuming /usr/local/share/man/man1/npm-start.1.1 up to /usr/local
593 silly isManaged /usr/local/bin is inside /usr/local
594 silly gentlyRm /usr/local is managed by npm
595 silly gentlyRm /usr/local/share/man/man1/npm-stop.1.1 is under /usr/local
596 verbose gentlyRm vacuuming /usr/local/share/man/man1/npm-stop.1.1 up to /usr/local
597 silly isManaged /usr/local/bin is inside /usr/local
598 silly gentlyRm /usr/local is managed by npm
599 silly gentlyRm /usr/local/share/man/man1/npm-submodule.1.1 is under /usr/local
600 verbose gentlyRm vacuuming /usr/local/share/man/man1/npm-submodule.1.1 up to /usr/local
601 silly isManaged /usr/local/bin is inside /usr/local
602 silly gentlyRm /usr/local is managed by npm
603 silly gentlyRm /usr/local/share/man/man1/npm-tag.1.1 is under /usr/local
604 verbose gentlyRm vacuuming /usr/local/share/man/man1/npm-tag.1.1 up to /usr/local
605 silly isManaged /usr/local/bin is inside /usr/local
606 silly gentlyRm /usr/local is managed by npm
607 silly gentlyRm /usr/local/share/man/man1/npm-test.1.1 is under /usr/local
608 verbose gentlyRm vacuuming /usr/local/share/man/man1/npm-test.1.1 up to /usr/local
609 silly isManaged /usr/local/bin is inside /usr/local
610 silly gentlyRm /usr/local is managed by npm
611 silly gentlyRm /usr/local/share/man/man1/npm-uninstall.1.1 is under /usr/local
612 verbose gentlyRm vacuuming /usr/local/share/man/man1/npm-uninstall.1.1 up to /usr/local
613 silly isManaged /usr/local/bin is inside /usr/local
614 silly gentlyRm /usr/local is managed by npm
615 silly gentlyRm /usr/local/share/man/man1/npm-unpublish.1.1 is under /usr/local
616 verbose gentlyRm vacuuming /usr/local/share/man/man1/npm-unpublish.1.1 up to /usr/local
617 silly isManaged /usr/local/bin is inside /usr/local
618 silly gentlyRm /usr/local is managed by npm
619 silly gentlyRm /usr/local/share/man/man1/npm-update.1.1 is under /usr/local
620 verbose gentlyRm vacuuming /usr/local/share/man/man1/npm-update.1.1 up to /usr/local
621 silly isManaged /usr/local/bin is inside /usr/local
622 silly gentlyRm /usr/local is managed by npm
623 silly gentlyRm /usr/local/share/man/man1/npm-version.1.1 is under /usr/local
624 verbose gentlyRm vacuuming /usr/local/share/man/man1/npm-version.1.1 up to /usr/local
625 silly isManaged /usr/local/bin is inside /usr/local
626 silly gentlyRm /usr/local is managed by npm
627 silly gentlyRm /usr/local/share/man/man1/npm-view.1.1 is under /usr/local
628 verbose gentlyRm vacuuming /usr/local/share/man/man1/npm-view.1.1 up to /usr/local
629 silly isManaged /usr/local/bin is inside /usr/local
630 silly gentlyRm /usr/local is managed by npm
631 silly gentlyRm /usr/local/share/man/man1/npm-whoami.1.1 is under /usr/local
632 verbose gentlyRm vacuuming /usr/local/share/man/man1/npm-whoami.1.1 up to /usr/local
633 silly isManaged /usr/local/bin is inside /usr/local
634 silly gentlyRm /usr/local is managed by npm
635 silly gentlyRm /usr/local/share/man/man1/npm.1.1 is under /usr/local
636 verbose gentlyRm vacuuming /usr/local/share/man/man1/npm.1.1 up to /usr/local
637 silly isManaged /usr/local/bin is inside /usr/local
638 silly gentlyRm /usr/local is managed by npm
639 silly gentlyRm /usr/local/share/man/man3/npm-bin.3.3 is under /usr/local
640 verbose gentlyRm vacuuming /usr/local/share/man/man3/npm-bin.3.3 up to /usr/local
641 silly isManaged /usr/local/bin is inside /usr/local
642 silly gentlyRm /usr/local is managed by npm
643 silly gentlyRm /usr/local/share/man/man3/npm-bugs.3.3 is under /usr/local
644 verbose gentlyRm vacuuming /usr/local/share/man/man3/npm-bugs.3.3 up to /usr/local
645 silly isManaged /usr/local/bin is inside /usr/local
646 silly gentlyRm /usr/local is managed by npm
647 silly gentlyRm /usr/local/share/man/man3/npm-cache.3.3 is under /usr/local
648 verbose gentlyRm vacuuming /usr/local/share/man/man3/npm-cache.3.3 up to /usr/local
649 silly isManaged /usr/local/bin is inside /usr/local
650 silly gentlyRm /usr/local is managed by npm
651 silly gentlyRm /usr/local/share/man/man3/npm-commands.3.3 is under /usr/local
652 verbose gentlyRm vacuuming /usr/local/share/man/man3/npm-commands.3.3 up to /usr/local
653 silly isManaged /usr/local/bin is inside /usr/local
654 silly gentlyRm /usr/local is managed by npm
655 silly gentlyRm /usr/local/share/man/man3/npm-config.3.3 is under /usr/local
656 verbose gentlyRm vacuuming /usr/local/share/man/man3/npm-config.3.3 up to /usr/local
657 silly isManaged /usr/local/bin is inside /usr/local
658 silly gentlyRm /usr/local is managed by npm
659 silly gentlyRm /usr/local/share/man/man3/npm-deprecate.3.3 is under /usr/local
660 verbose gentlyRm vacuuming /usr/local/share/man/man3/npm-deprecate.3.3 up to /usr/local
661 silly isManaged /usr/local/bin is inside /usr/local
662 silly gentlyRm /usr/local is managed by npm
663 silly gentlyRm /usr/local/share/man/man3/npm-docs.3.3 is under /usr/local
664 verbose gentlyRm vacuuming /usr/local/share/man/man3/npm-docs.3.3 up to /usr/local
665 silly isManaged /usr/local/bin is inside /usr/local
666 silly gentlyRm /usr/local is managed by npm
667 silly gentlyRm /usr/local/share/man/man3/npm-edit.3.3 is under /usr/local
668 verbose gentlyRm vacuuming /usr/local/share/man/man3/npm-edit.3.3 up to /usr/local
669 silly isManaged /usr/local/bin is inside /usr/local
670 silly gentlyRm /usr/local is managed by npm
671 silly gentlyRm /usr/local/share/man/man3/npm-explore.3.3 is under /usr/local
672 verbose gentlyRm vacuuming /usr/local/share/man/man3/npm-explore.3.3 up to /usr/local
673 silly isManaged /usr/local/bin is inside /usr/local
674 silly gentlyRm /usr/local is managed by npm
675 silly gentlyRm /usr/local/share/man/man3/npm-help-search.3.3 is under /usr/local
676 verbose gentlyRm vacuuming /usr/local/share/man/man3/npm-help-search.3.3 up to /usr/local
677 silly isManaged /usr/local/bin is inside /usr/local
678 silly gentlyRm /usr/local is managed by npm
679 silly gentlyRm /usr/local/share/man/man3/npm-init.3.3 is under /usr/local
680 verbose gentlyRm vacuuming /usr/local/share/man/man3/npm-init.3.3 up to /usr/local
681 silly isManaged /usr/local/bin is inside /usr/local
682 silly gentlyRm /usr/local is managed by npm
683 silly gentlyRm /usr/local/share/man/man3/npm-install.3.3 is under /usr/local
684 verbose gentlyRm vacuuming /usr/local/share/man/man3/npm-install.3.3 up to /usr/local
685 silly isManaged /usr/local/bin is inside /usr/local
686 silly gentlyRm /usr/local is managed by npm
687 silly gentlyRm /usr/local/share/man/man3/npm-link.3.3 is under /usr/local
688 verbose gentlyRm vacuuming /usr/local/share/man/man3/npm-link.3.3 up to /usr/local
689 silly isManaged /usr/local/bin is inside /usr/local
690 silly gentlyRm /usr/local is managed by npm
691 silly gentlyRm /usr/local/share/man/man3/npm-load.3.3 is under /usr/local
692 verbose gentlyRm vacuuming /usr/local/share/man/man3/npm-load.3.3 up to /usr/local
693 silly isManaged /usr/local/bin is inside /usr/local
694 silly gentlyRm /usr/local is managed by npm
695 silly gentlyRm /usr/local/share/man/man3/npm-ls.3.3 is under /usr/local
696 verbose gentlyRm vacuuming /usr/local/share/man/man3/npm-ls.3.3 up to /usr/local
697 silly isManaged /usr/local/bin is inside /usr/local
698 silly gentlyRm /usr/local is managed by npm
699 silly gentlyRm /usr/local/share/man/man3/npm-outdated.3.3 is under /usr/local
700 verbose gentlyRm vacuuming /usr/local/share/man/man3/npm-outdated.3.3 up to /usr/local
701 silly isManaged /usr/local/bin is inside /usr/local
702 silly gentlyRm /usr/local is managed by npm
703 silly gentlyRm /usr/local/share/man/man3/npm-owner.3.3 is under /usr/local
704 verbose gentlyRm vacuuming /usr/local/share/man/man3/npm-owner.3.3 up to /usr/local
705 silly isManaged /usr/local/bin is inside /usr/local
706 silly gentlyRm /usr/local is managed by npm
707 silly gentlyRm /usr/local/share/man/man3/npm-pack.3.3 is under /usr/local
708 verbose gentlyRm vacuuming /usr/local/share/man/man3/npm-pack.3.3 up to /usr/local
709 silly isManaged /usr/local/bin is inside /usr/local
710 silly gentlyRm /usr/local is managed by npm
711 silly gentlyRm /usr/local/share/man/man3/npm-prefix.3.3 is under /usr/local
712 verbose gentlyRm vacuuming /usr/local/share/man/man3/npm-prefix.3.3 up to /usr/local
713 silly isManaged /usr/local/bin is inside /usr/local
714 silly gentlyRm /usr/local is managed by npm
715 silly gentlyRm /usr/local/share/man/man3/npm-prune.3.3 is under /usr/local
716 verbose gentlyRm vacuuming /usr/local/share/man/man3/npm-prune.3.3 up to /usr/local
717 silly isManaged /usr/local/bin is inside /usr/local
718 silly gentlyRm /usr/local is managed by npm
719 silly gentlyRm /usr/local/share/man/man3/npm-publish.3.3 is under /usr/local
720 verbose gentlyRm vacuuming /usr/local/share/man/man3/npm-publish.3.3 up to /usr/local
721 silly isManaged /usr/local/bin is inside /usr/local
722 silly gentlyRm /usr/local is managed by npm
723 silly gentlyRm /usr/local/share/man/man3/npm-rebuild.3.3 is under /usr/local
724 verbose gentlyRm vacuuming /usr/local/share/man/man3/npm-rebuild.3.3 up to /usr/local
725 silly isManaged /usr/local/bin is inside /usr/local
726 silly gentlyRm /usr/local is managed by npm
727 silly gentlyRm /usr/local/share/man/man3/npm-repo.3.3 is under /usr/local
728 verbose gentlyRm vacuuming /usr/local/share/man/man3/npm-repo.3.3 up to /usr/local
729 silly isManaged /usr/local/bin is inside /usr/local
730 silly gentlyRm /usr/local is managed by npm
731 silly gentlyRm /usr/local/share/man/man3/npm-restart.3.3 is under /usr/local
732 verbose gentlyRm vacuuming /usr/local/share/man/man3/npm-restart.3.3 up to /usr/local
733 silly isManaged /usr/local/bin is inside /usr/local
734 silly gentlyRm /usr/local is managed by npm
735 silly gentlyRm /usr/local/share/man/man3/npm-root.3.3 is under /usr/local
736 verbose gentlyRm vacuuming /usr/local/share/man/man3/npm-root.3.3 up to /usr/local
737 silly isManaged /usr/local/bin is inside /usr/local
738 silly gentlyRm /usr/local is managed by npm
739 silly gentlyRm /usr/local/share/man/man3/npm-run-script.3.3 is under /usr/local
740 verbose gentlyRm vacuuming /usr/local/share/man/man3/npm-run-script.3.3 up to /usr/local
741 silly isManaged /usr/local/bin is inside /usr/local
742 silly gentlyRm /usr/local is managed by npm
743 silly gentlyRm /usr/local/share/man/man3/npm-search.3.3 is under /usr/local
744 verbose gentlyRm vacuuming /usr/local/share/man/man3/npm-search.3.3 up to /usr/local
745 silly isManaged /usr/local/bin is inside /usr/local
746 silly gentlyRm /usr/local is managed by npm
747 silly gentlyRm /usr/local/share/man/man3/npm-shrinkwrap.3.3 is under /usr/local
748 verbose gentlyRm vacuuming /usr/local/share/man/man3/npm-shrinkwrap.3.3 up to /usr/local
749 silly isManaged /usr/local/bin is inside /usr/local
750 silly gentlyRm /usr/local is managed by npm
751 silly gentlyRm /usr/local/share/man/man3/npm-start.3.3 is under /usr/local
752 verbose gentlyRm vacuuming /usr/local/share/man/man3/npm-start.3.3 up to /usr/local
753 silly isManaged /usr/local/bin is inside /usr/local
754 silly gentlyRm /usr/local is managed by npm
755 silly gentlyRm /usr/local/share/man/man3/npm-stop.3.3 is under /usr/local
756 verbose gentlyRm vacuuming /usr/local/share/man/man3/npm-stop.3.3 up to /usr/local
757 silly isManaged /usr/local/bin is inside /usr/local
758 silly gentlyRm /usr/local is managed by npm
759 silly gentlyRm /usr/local/share/man/man3/npm-submodule.3.3 is under /usr/local
760 verbose gentlyRm vacuuming /usr/local/share/man/man3/npm-submodule.3.3 up to /usr/local
761 silly isManaged /usr/local/bin is inside /usr/local
762 silly gentlyRm /usr/local is managed by npm
763 silly gentlyRm /usr/local/share/man/man3/npm-tag.3.3 is under /usr/local
764 verbose gentlyRm vacuuming /usr/local/share/man/man3/npm-tag.3.3 up to /usr/local
765 silly isManaged /usr/local/bin is inside /usr/local
766 silly gentlyRm /usr/local is managed by npm
767 silly gentlyRm /usr/local/share/man/man3/npm-test.3.3 is under /usr/local
768 verbose gentlyRm vacuuming /usr/local/share/man/man3/npm-test.3.3 up to /usr/local
769 silly isManaged /usr/local/bin is inside /usr/local
770 silly gentlyRm /usr/local is managed by npm
771 silly gentlyRm /usr/local/share/man/man3/npm-uninstall.3.3 is under /usr/local
772 verbose gentlyRm vacuuming /usr/local/share/man/man3/npm-uninstall.3.3 up to /usr/local
773 silly isManaged /usr/local/bin is inside /usr/local
774 silly gentlyRm /usr/local is managed by npm
775 silly gentlyRm /usr/local/share/man/man3/npm-unpublish.3.3 is under /usr/local
776 verbose gentlyRm vacuuming /usr/local/share/man/man3/npm-unpublish.3.3 up to /usr/local
777 silly isManaged /usr/local/bin is inside /usr/local
778 silly gentlyRm /usr/local is managed by npm
779 silly gentlyRm /usr/local/share/man/man3/npm-update.3.3 is under /usr/local
780 verbose gentlyRm vacuuming /usr/local/share/man/man3/npm-update.3.3 up to /usr/local
781 silly isManaged /usr/local/bin is inside /usr/local
782 silly gentlyRm /usr/local is managed by npm
783 silly gentlyRm /usr/local/share/man/man3/npm-version.3.3 is under /usr/local
784 verbose gentlyRm vacuuming /usr/local/share/man/man3/npm-version.3.3 up to /usr/local
785 silly isManaged /usr/local/bin is inside /usr/local
786 silly gentlyRm /usr/local is managed by npm
787 silly gentlyRm /usr/local/share/man/man3/npm-view.3.3 is under /usr/local
788 verbose gentlyRm vacuuming /usr/local/share/man/man3/npm-view.3.3 up to /usr/local
789 silly isManaged /usr/local/bin is inside /usr/local
790 silly gentlyRm /usr/local is managed by npm
791 silly gentlyRm /usr/local/share/man/man3/npm-whoami.3.3 is under /usr/local
792 verbose gentlyRm vacuuming /usr/local/share/man/man3/npm-whoami.3.3 up to /usr/local
793 silly isManaged /usr/local/bin is inside /usr/local
794 silly gentlyRm /usr/local is managed by npm
795 silly gentlyRm /usr/local/share/man/man3/npm.3.3 is under /usr/local
796 verbose gentlyRm vacuuming /usr/local/share/man/man3/npm.3.3 up to /usr/local
797 silly isManaged /usr/local/bin is inside /usr/local
798 silly gentlyRm /usr/local is managed by npm
799 silly gentlyRm /usr/local/share/man/man5/npm-folders.5.5 is under /usr/local
800 verbose gentlyRm vacuuming /usr/local/share/man/man5/npm-folders.5.5 up to /usr/local
801 silly isManaged /usr/local/bin is inside /usr/local
802 silly gentlyRm /usr/local is managed by npm
803 silly gentlyRm /usr/local/share/man/man5/npm-global.5.5 is under /usr/local
804 verbose gentlyRm vacuuming /usr/local/share/man/man5/npm-global.5.5 up to /usr/local
805 silly isManaged /usr/local/bin is inside /usr/local
806 silly gentlyRm /usr/local is managed by npm
807 silly gentlyRm /usr/local/share/man/man5/npm-json.5.5 is under /usr/local
808 verbose gentlyRm vacuuming /usr/local/share/man/man5/npm-json.5.5 up to /usr/local
809 silly isManaged /usr/local/bin is inside /usr/local
810 silly gentlyRm /usr/local is managed by npm
811 silly gentlyRm /usr/local/share/man/man5/npmrc.5.5 is under /usr/local
812 verbose gentlyRm vacuuming /usr/local/share/man/man5/npmrc.5.5 up to /usr/local
813 silly isManaged /usr/local/bin is inside /usr/local
814 silly gentlyRm /usr/local is managed by npm
815 silly gentlyRm /usr/local/share/man/man5/npm-package.json.5.5 is under /usr/local
816 verbose gentlyRm vacuuming /usr/local/share/man/man5/npm-package.json.5.5 up to /usr/local
817 silly isManaged /usr/local/bin is inside /usr/local
818 silly gentlyRm /usr/local is managed by npm
819 silly gentlyRm /usr/local/share/man/man7/npm-coding-style.7.7 is under /usr/local
820 verbose gentlyRm vacuuming /usr/local/share/man/man7/npm-coding-style.7.7 up to /usr/local
821 silly isManaged /usr/local/bin is inside /usr/local
822 silly gentlyRm /usr/local is managed by npm
823 silly gentlyRm /usr/local/share/man/man7/npm-config.7.7 is under /usr/local
824 verbose gentlyRm vacuuming /usr/local/share/man/man7/npm-config.7.7 up to /usr/local
825 silly isManaged /usr/local/bin is inside /usr/local
826 silly gentlyRm /usr/local is managed by npm
827 silly gentlyRm /usr/local/share/man/man7/npm-developers.7.7 is under /usr/local
828 verbose gentlyRm vacuuming /usr/local/share/man/man7/npm-developers.7.7 up to /usr/local
829 silly isManaged /usr/local/bin is inside /usr/local
830 silly gentlyRm /usr/local is managed by npm
831 silly gentlyRm /usr/local/share/man/man7/npm-disputes.7.7 is under /usr/local
832 verbose gentlyRm vacuuming /usr/local/share/man/man7/npm-disputes.7.7 up to /usr/local
833 silly isManaged /usr/local/bin is inside /usr/local
834 silly gentlyRm /usr/local is managed by npm
835 silly gentlyRm /usr/local/share/man/man7/npm-faq.7.7 is under /usr/local
836 verbose gentlyRm vacuuming /usr/local/share/man/man7/npm-faq.7.7 up to /usr/local
837 silly isManaged /usr/local/bin is inside /usr/local
838 silly gentlyRm /usr/local is managed by npm
839 silly gentlyRm /usr/local/share/man/man7/npm-index.7.7 is under /usr/local
840 verbose gentlyRm vacuuming /usr/local/share/man/man7/npm-index.7.7 up to /usr/local
841 silly isManaged /usr/local/bin is inside /usr/local
842 silly gentlyRm /usr/local is managed by npm
843 silly gentlyRm /usr/local/share/man/man7/npm-registry.7.7 is under /usr/local
844 verbose gentlyRm vacuuming /usr/local/share/man/man7/npm-registry.7.7 up to /usr/local
845 silly isManaged /usr/local/bin is inside /usr/local
846 silly gentlyRm /usr/local is managed by npm
847 silly gentlyRm /usr/local/share/man/man7/npm-scope.7.7 is under /usr/local
848 verbose gentlyRm vacuuming /usr/local/share/man/man7/npm-scope.7.7 up to /usr/local
849 silly isManaged /usr/local/bin is inside /usr/local
850 silly gentlyRm /usr/local is managed by npm
851 silly gentlyRm /usr/local/share/man/man7/npm-scripts.7.7 is under /usr/local
852 verbose gentlyRm vacuuming /usr/local/share/man/man7/npm-scripts.7.7 up to /usr/local
853 silly isManaged /usr/local/bin is inside /usr/local
854 silly gentlyRm /usr/local is managed by npm
855 silly gentlyRm /usr/local/share/man/man7/npm-removing-npm.7.7 is under /usr/local
856 verbose gentlyRm vacuuming /usr/local/share/man/man7/npm-removing-npm.7.7 up to /usr/local
857 silly isManaged /usr/local/bin is inside /usr/local
858 silly gentlyRm /usr/local is managed by npm
859 silly gentlyRm /usr/local/share/man/man7/npm-semver.7.7 is under /usr/local
860 verbose gentlyRm vacuuming /usr/local/share/man/man7/npm-semver.7.7 up to /usr/local
861 silly gentlyRm quitting because other entries in /usr/local/bin
862 info postuninstall npm@2.5.1
863 verbose gentlyRm vacuuming /usr/local/lib/node_modules/npm
864 silly gentlyRm purging /usr/local/lib/node_modules/npm
865 verbose stack Error: EACCES, unlink '/usr/local/lib/node_modules/npm'
866 verbose cwd /Users/John/Projects/mean-setup-scripts
867 error Darwin 14.0.0
868 error argv "node" "/usr/local/bin/npm" "uninstall" "npm" "-g"
869 error node v0.10.35
870 error npm  v2.5.1
871 error path /usr/local/lib/node_modules/npm
872 error code EACCES
873 error errno 3
874 error Error: EACCES, unlink '/usr/local/lib/node_modules/npm'
874 error  { [Error: EACCES, unlink '/usr/local/lib/node_modules/npm']
874 error   errno: 3,
874 error   code: 'EACCES',
874 error   path: '/usr/local/lib/node_modules/npm' }
875 error Please try running this command again as root/Administrator.
876 verbose exit [ 3, true ]
